Operations to perform:
  Target specific migration: 0001_initial, from planner
Running migrations:
  Rendering model states... DONE
  Unapplying planner.0002_remove_courseplan_end_date_and_more... FAKED
Operations to perform:
  Apply all migrations: planner
Running migrations:
  Applying planner.0002_remove_courseplan_end_date_and_more...Traceback (most recent call last):
  File "/home/arjun/code/eduplan/backend/venv/lib/python3.12/site-packages/django/db/backends/utils.py", line 105, in _execute
    return self.cursor.execute(sql, params)
           ^^^^^^^^^^^^^^^^^^^^^^^^^^^^^^^^
  File "/home/arjun/code/eduplan/backend/venv/lib/python3.12/site-packages/django/db/backends/sqlite3/base.py", line 359, in execute
    return super().execute(query, params)
           ^^^^^^^^^^^^^^^^^^^^^^^^^^^^^^
sqlite3.OperationalError: no such column: ""end_date""

The above exception was the direct cause of the following exception:

Traceback (most recent call last):
  File "/home/arjun/code/eduplan/backend/manage.py", line 18, in <module>
    main()
  File "/home/arjun/code/eduplan/backend/manage.py", line 14, in main
    execute_from_command_line(sys.argv)
  File "/home/arjun/code/eduplan/backend/venv/lib/python3.12/site-packages/django/core/management/__init__.py", line 443, in execute_from_command_line
    utility.execute()
  File "/home/arjun/code/eduplan/backend/venv/lib/python3.12/site-packages/django/core/management/__init__.py", line 437, in execute
    self.fetch_command(subcommand).run_from_argv(self.argv)
  File "/home/arjun/code/eduplan/backend/venv/lib/python3.12/site-packages/django/core/management/base.py", line 420, in run_from_argv
    self.execute(*args, **cmd_options)
  File "/home/arjun/code/eduplan/backend/venv/lib/python3.12/site-packages/django/core/management/base.py", line 464, in execute
    output = self.handle(*args, **options)
             ^^^^^^^^^^^^^^^^^^^^^^^^^^^^^
  File "/home/arjun/code/eduplan/backend/venv/lib/python3.12/site-packages/django/core/management/base.py", line 111, in wrapper
    res = handle_func(*args, **kwargs)
          ^^^^^^^^^^^^^^^^^^^^^^^^^^^^
  File "/home/arjun/code/eduplan/backend/venv/lib/python3.12/site-packages/django/core/management/commands/migrate.py", line 354, in handle
    post_migrate_state = executor.migrate(
                         ^^^^^^^^^^^^^^^^^
  File "/home/arjun/code/eduplan/backend/venv/lib/python3.12/site-packages/django/db/migrations/executor.py", line 137, in migrate
    state = self._migrate_all_forwards(
            ^^^^^^^^^^^^^^^^^^^^^^^^^^^
  File "/home/arjun/code/eduplan/backend/venv/lib/python3.12/site-packages/django/db/migrations/executor.py", line 169, in _migrate_all_forwards
    state = self.apply_migration(
            ^^^^^^^^^^^^^^^^^^^^^
  File "/home/arjun/code/eduplan/backend/venv/lib/python3.12/site-packages/django/db/migrations/executor.py", line 257, in apply_migration
    state = migration.apply(state, schema_editor)
            ^^^^^^^^^^^^^^^^^^^^^^^^^^^^^^^^^^^^^
  File "/home/arjun/code/eduplan/backend/venv/lib/python3.12/site-packages/django/db/migrations/migration.py", line 132, in apply
    operation.database_forwards(
  File "/home/arjun/code/eduplan/backend/venv/lib/python3.12/site-packages/django/db/migrations/operations/fields.py", line 176, in database_forwards
    schema_editor.remove_field(
  File "/home/arjun/code/eduplan/backend/venv/lib/python3.12/site-packages/django/db/backends/sqlite3/schema.py", line 349, in remove_field
    super().remove_field(model, field)
  File "/home/arjun/code/eduplan/backend/venv/lib/python3.12/site-packages/django/db/backends/base/schema.py", line 830, in remove_field
    self.execute(sql)
  File "/home/arjun/code/eduplan/backend/venv/lib/python3.12/site-packages/django/db/backends/base/schema.py", line 205, in execute
    cursor.execute(sql, params)
  File "/home/arjun/code/eduplan/backend/venv/lib/python3.12/site-packages/django/db/backends/utils.py", line 122, in execute
    return super().execute(sql, params)
           ^^^^^^^^^^^^^^^^^^^^^^^^^^^^
  File "/home/arjun/code/eduplan/backend/venv/lib/python3.12/site-packages/django/db/backends/utils.py", line 79, in execute
    return self._execute_with_wrappers(
           ^^^^^^^^^^^^^^^^^^^^^^^^^^^^
  File "/home/arjun/code/eduplan/backend/venv/lib/python3.12/site-packages/django/db/backends/utils.py", line 92, in _execute_with_wrappers
    return executor(sql, params, many, context)
           ^^^^^^^^^^^^^^^^^^^^^^^^^^^^^^^^^^^^
  File "/home/arjun/code/eduplan/backend/venv/lib/python3.12/site-packages/django/db/backends/utils.py", line 100, in _execute
    with self.db.wrap_database_errors:
         ^^^^^^^^^^^^^^^^^^^^^^^^^^^^
  File "/home/arjun/code/eduplan/backend/venv/lib/python3.12/site-packages/django/db/utils.py", line 94, in __exit__
    raise dj_exc_value.with_traceback(traceback) from exc_value
  File "/home/arjun/code/eduplan/backend/venv/lib/python3.12/site-packages/django/db/backends/utils.py", line 105, in _execute
    return self.cursor.execute(sql, params)
           ^^^^^^^^^^^^^^^^^^^^^^^^^^^^^^^^
  File "/home/arjun/code/eduplan/backend/venv/lib/python3.12/site-packages/django/db/backends/sqlite3/base.py", line 359, in execute
    return super().execute(query, params)
           ^^^^^^^^^^^^^^^^^^^^^^^^^^^^^^
django.db.utils.OperationalError: no such column: ""end_date""
